This is pdfTeX, Version 3.14159265-2.6-1.40.17 (MiKTeX 2.9 64-bit) (preloaded format=pdflatex 2016.8.17)  9 OCT 2016 17:33
entering extended mode
**./thesis.tex
(thesis.tex
LaTeX2e <2016/03/31> patch level 3
Babel <3.9r> and hyphenation patterns for 75 language(s) loaded.
("C:\Program Files\MiKTeX 2.9\tex\latex\base\article.cls"
Document Class: article 2014/09/29 v1.4h Standard LaTeX document class
("C:\Program Files\MiKTeX 2.9\tex\latex\base\size11.clo"
File: size11.clo 2014/09/29 v1.4h Standard LaTeX file (size option)
)
\c@part=\count79
\c@section=\count80
\c@subsection=\count81
\c@subsubsection=\count82
\c@paragraph=\count83
\c@subparagraph=\count84
\c@figure=\count85
\c@table=\count86
\abovecaptionskip=\skip41
\belowcaptionskip=\skip42
\bibindent=\dimen102
)
("C:\Program Files\MiKTeX 2.9\tex\latex\base\inputenc.sty"
Package: inputenc 2015/03/17 v1.2c Input encoding file
\inpenc@prehook=\toks14
\inpenc@posthook=\toks15

("C:\Program Files\MiKTeX 2.9\tex\latex\base\utf8.def"
File: utf8.def 2016/02/28 v1.1s UTF-8 support for inputenc
Now handling font encoding OML ...
... no UTF-8 mapping file for font encoding OML
Now handling font encoding T1 ...
... processing UTF-8 mapping file for font encoding T1

("C:\Program Files\MiKTeX 2.9\tex\latex\base\t1enc.dfu"
File: t1enc.dfu 2016/02/28 v1.1s UTF-8 support for inputenc
   defining Unicode char U+00A0 (decimal 160)
   defining Unicode char U+00A1 (decimal 161)
   defining Unicode char U+00A3 (decimal 163)
   defining Unicode char U+00AB (decimal 171)
   defining Unicode char U+00AD (decimal 173)
   defining Unicode char U+00BB (decimal 187)
   defining Unicode char U+00BF (decimal 191)
   defining Unicode char U+00C0 (decimal 192)
   defining Unicode char U+00C1 (decimal 193)
   defining Unicode char U+00C2 (decimal 194)
   defining Unicode char U+00C3 (decimal 195)
   defining Unicode char U+00C4 (decimal 196)
   defining Unicode char U+00C5 (decimal 197)
   defining Unicode char U+00C6 (decimal 198)
   defining Unicode char U+00C7 (decimal 199)
   defining Unicode char U+00C8 (decimal 200)
   defining Unicode char U+00C9 (decimal 201)
   defining Unicode char U+00CA (decimal 202)
   defining Unicode char U+00CB (decimal 203)
   defining Unicode char U+00CC (decimal 204)
   defining Unicode char U+00CD (decimal 205)
   defining Unicode char U+00CE (decimal 206)
   defining Unicode char U+00CF (decimal 207)
   defining Unicode char U+00D0 (decimal 208)
   defining Unicode char U+00D1 (decimal 209)
   defining Unicode char U+00D2 (decimal 210)
   defining Unicode char U+00D3 (decimal 211)
   defining Unicode char U+00D4 (decimal 212)
   defining Unicode char U+00D5 (decimal 213)
   defining Unicode char U+00D6 (decimal 214)
   defining Unicode char U+00D8 (decimal 216)
   defining Unicode char U+00D9 (decimal 217)
   defining Unicode char U+00DA (decimal 218)
   defining Unicode char U+00DB (decimal 219)
   defining Unicode char U+00DC (decimal 220)
   defining Unicode char U+00DD (decimal 221)
   defining Unicode char U+00DE (decimal 222)
   defining Unicode char U+00DF (decimal 223)
   defining Unicode char U+00E0 (decimal 224)
   defining Unicode char U+00E1 (decimal 225)
   defining Unicode char U+00E2 (decimal 226)
   defining Unicode char U+00E3 (decimal 227)
   defining Unicode char U+00E4 (decimal 228)
   defining Unicode char U+00E5 (decimal 229)
   defining Unicode char U+00E6 (decimal 230)
   defining Unicode char U+00E7 (decimal 231)
   defining Unicode char U+00E8 (decimal 232)
   defining Unicode char U+00E9 (decimal 233)
   defining Unicode char U+00EA (decimal 234)
   defining Unicode char U+00EB (decimal 235)
   defining Unicode char U+00EC (decimal 236)
   defining Unicode char U+00ED (decimal 237)
   defining Unicode char U+00EE (decimal 238)
   defining Unicode char U+00EF (decimal 239)
   defining Unicode char U+00F0 (decimal 240)
   defining Unicode char U+00F1 (decimal 241)
   defining Unicode char U+00F2 (decimal 242)
   defining Unicode char U+00F3 (decimal 243)
   defining Unicode char U+00F4 (decimal 244)
   defining Unicode char U+00F5 (decimal 245)
   defining Unicode char U+00F6 (decimal 246)
   defining Unicode char U+00F8 (decimal 248)
   defining Unicode char U+00F9 (decimal 249)
   defining Unicode char U+00FA (decimal 250)
   defining Unicode char U+00FB (decimal 251)
   defining Unicode char U+00FC (decimal 252)
   defining Unicode char U+00FD (decimal 253)
   defining Unicode char U+00FE (decimal 254)
   defining Unicode char U+00FF (decimal 255)
   defining Unicode char U+0100 (decimal 256)
   defining Unicode char U+0101 (decimal 257)
   defining Unicode char U+0102 (decimal 258)
   defining Unicode char U+0103 (decimal 259)
   defining Unicode char U+0104 (decimal 260)
   defining Unicode char U+0105 (decimal 261)
   defining Unicode char U+0106 (decimal 262)
   defining Unicode char U+0107 (decimal 263)
   defining Unicode char U+0108 (decimal 264)
   defining Unicode char U+0109 (decimal 265)
   defining Unicode char U+010A (decimal 266)
   defining Unicode char U+010B (decimal 267)
   defining Unicode char U+010C (decimal 268)
   defining Unicode char U+010D (decimal 269)
   defining Unicode char U+010E (decimal 270)
   defining Unicode char U+010F (decimal 271)
   defining Unicode char U+0110 (decimal 272)
   defining Unicode char U+0111 (decimal 273)
   defining Unicode char U+0112 (decimal 274)
   defining Unicode char U+0113 (decimal 275)
   defining Unicode char U+0114 (decimal 276)
   defining Unicode char U+0115 (decimal 277)
   defining Unicode char U+0116 (decimal 278)
   defining Unicode char U+0117 (decimal 279)
   defining Unicode char U+0118 (decimal 280)
   defining Unicode char U+0119 (decimal 281)
   defining Unicode char U+011A (decimal 282)
   defining Unicode char U+011B (decimal 283)
   defining Unicode char U+011C (decimal 284)
   defining Unicode char U+011D (decimal 285)
   defining Unicode char U+011E (decimal 286)
   defining Unicode char U+011F (decimal 287)
   defining Unicode char U+0120 (decimal 288)
   defining Unicode char U+0121 (decimal 289)
   defining Unicode char U+0122 (decimal 290)
   defining Unicode char U+0123 (decimal 291)
   defining Unicode char U+0124 (decimal 292)
   defining Unicode char U+0125 (decimal 293)
   defining Unicode char U+0128 (decimal 296)
   defining Unicode char U+0129 (decimal 297)
   defining Unicode char U+012A (decimal 298)
   defining Unicode char U+012B (decimal 299)
   defining Unicode char U+012C (decimal 300)
   defining Unicode char U+012D (decimal 301)
   defining Unicode char U+012E (decimal 302)
   defining Unicode char U+012F (decimal 303)
   defining Unicode char U+0130 (decimal 304)
   defining Unicode char U+0131 (decimal 305)
   defining Unicode char U+0132 (decimal 306)
   defining Unicode char U+0133 (decimal 307)
   defining Unicode char U+0134 (decimal 308)
   defining Unicode char U+0135 (decimal 309)
   defining Unicode char U+0136 (decimal 310)
   defining Unicode char U+0137 (decimal 311)
   defining Unicode char U+0139 (decimal 313)
   defining Unicode char U+013A (decimal 314)
   defining Unicode char U+013B (decimal 315)
   defining Unicode char U+013C (decimal 316)
   defining Unicode char U+013D (decimal 317)
   defining Unicode char U+013E (decimal 318)
   defining Unicode char U+0141 (decimal 321)
   defining Unicode char U+0142 (decimal 322)
   defining Unicode char U+0143 (decimal 323)
   defining Unicode char U+0144 (decimal 324)
   defining Unicode char U+0145 (decimal 325)
   defining Unicode char U+0146 (decimal 326)
   defining Unicode char U+0147 (decimal 327)
   defining Unicode char U+0148 (decimal 328)
   defining Unicode char U+014A (decimal 330)
   defining Unicode char U+014B (decimal 331)
   defining Unicode char U+014C (decimal 332)
   defining Unicode char U+014D (decimal 333)
   defining Unicode char U+014E (decimal 334)
   defining Unicode char U+014F (decimal 335)
   defining Unicode char U+0150 (decimal 336)
   defining Unicode char U+0151 (decimal 337)
   defining Unicode char U+0152 (decimal 338)
   defining Unicode char U+0153 (decimal 339)
   defining Unicode char U+0154 (decimal 340)
   defining Unicode char U+0155 (decimal 341)
   defining Unicode char U+0156 (decimal 342)
   defining Unicode char U+0157 (decimal 343)
   defining Unicode char U+0158 (decimal 344)
   defining Unicode char U+0159 (decimal 345)
   defining Unicode char U+015A (decimal 346)
   defining Unicode char U+015B (decimal 347)
   defining Unicode char U+015C (decimal 348)
   defining Unicode char U+015D (decimal 349)
   defining Unicode char U+015E (decimal 350)
   defining Unicode char U+015F (decimal 351)
   defining Unicode char U+0160 (decimal 352)
   defining Unicode char U+0161 (decimal 353)
   defining Unicode char U+0162 (decimal 354)
   defining Unicode char U+0163 (decimal 355)
   defining Unicode char U+0164 (decimal 356)
   defining Unicode char U+0165 (decimal 357)
   defining Unicode char U+0168 (decimal 360)
   defining Unicode char U+0169 (decimal 361)
   defining Unicode char U+016A (decimal 362)
   defining Unicode char U+016B (decimal 363)
   defining Unicode char U+016C (decimal 364)
   defining Unicode char U+016D (decimal 365)
   defining Unicode char U+016E (decimal 366)
   defining Unicode char U+016F (decimal 367)
   defining Unicode char U+0170 (decimal 368)
   defining Unicode char U+0171 (decimal 369)
   defining Unicode char U+0172 (decimal 370)
   defining Unicode char U+0173 (decimal 371)
   defining Unicode char U+0174 (decimal 372)
   defining Unicode char U+0175 (decimal 373)
   defining Unicode char U+0176 (decimal 374)
   defining Unicode char U+0177 (decimal 375)
   defining Unicode char U+0178 (decimal 376)
   defining Unicode char U+0179 (decimal 377)
   defining Unicode char U+017A (decimal 378)
   defining Unicode char U+017B (decimal 379)
   defining Unicode char U+017C (decimal 380)
   defining Unicode char U+017D (decimal 381)
   defining Unicode char U+017E (decimal 382)
   defining Unicode char U+01CD (decimal 461)
   defining Unicode char U+01CE (decimal 462)
   defining Unicode char U+01CF (decimal 463)
   defining Unicode char U+01D0 (decimal 464)
   defining Unicode char U+01D1 (decimal 465)
   defining Unicode char U+01D2 (decimal 466)
   defining Unicode char U+01D3 (decimal 467)
   defining Unicode char U+01D4 (decimal 468)
   defining Unicode char U+01E2 (decimal 482)
   defining Unicode char U+01E3 (decimal 483)
   defining Unicode char U+01E6 (decimal 486)
   defining Unicode char U+01E7 (decimal 487)
   defining Unicode char U+01E8 (decimal 488)
   defining Unicode char U+01E9 (decimal 489)
   defining Unicode char U+01EA (decimal 490)
   defining Unicode char U+01EB (decimal 491)
   defining Unicode char U+01F0 (decimal 496)
   defining Unicode char U+01F4 (decimal 500)
   defining Unicode char U+01F5 (decimal 501)
   defining Unicode char U+0218 (decimal 536)
   defining Unicode char U+0219 (decimal 537)
   defining Unicode char U+021A (decimal 538)
   defining Unicode char U+021B (decimal 539)
   defining Unicode char U+1E02 (decimal 7682)
   defining Unicode char U+1E03 (decimal 7683)
   defining Unicode char U+200C (decimal 8204)
   defining Unicode char U+2010 (decimal 8208)
   defining Unicode char U+2011 (decimal 8209)
   defining Unicode char U+2012 (decimal 8210)
   defining Unicode char U+2013 (decimal 8211)
   defining Unicode char U+2014 (decimal 8212)
   defining Unicode char U+2015 (decimal 8213)
   defining Unicode char U+2018 (decimal 8216)
   defining Unicode char U+2019 (decimal 8217)
   defining Unicode char U+201A (decimal 8218)
   defining Unicode char U+201C (decimal 8220)
   defining Unicode char U+201D (decimal 8221)
   defining Unicode char U+201E (decimal 8222)
   defining Unicode char U+2030 (decimal 8240)
   defining Unicode char U+2031 (decimal 8241)
   defining Unicode char U+2039 (decimal 8249)
   defining Unicode char U+203A (decimal 8250)
   defining Unicode char U+2423 (decimal 9251)
)
Now handling font encoding OT1 ...
... processing UTF-8 mapping file for font encoding OT1

("C:\Program Files\MiKTeX 2.9\tex\latex\base\ot1enc.dfu"
File: ot1enc.dfu 2016/02/28 v1.1s UTF-8 support for inputenc
   defining Unicode char U+00A0 (decimal 160)
   defining Unicode char U+00A1 (decimal 161)
   defining Unicode char U+00A3 (decimal 163)
   defining Unicode char U+00AD (decimal 173)
   defining Unicode char U+00B8 (decimal 184)
   defining Unicode char U+00BF (decimal 191)
   defining Unicode char U+00C5 (decimal 197)
   defining Unicode char U+00C6 (decimal 198)
   defining Unicode char U+00D8 (decimal 216)
   defining Unicode char U+00DF (decimal 223)
   defining Unicode char U+00E6 (decimal 230)
   defining Unicode char U+00EC (decimal 236)
   defining Unicode char U+00ED (decimal 237)
   defining Unicode char U+00EE (decimal 238)
   defining Unicode char U+00EF (decimal 239)
   defining Unicode char U+00F8 (decimal 248)
   defining Unicode char U+0131 (decimal 305)
   defining Unicode char U+0141 (decimal 321)
   defining Unicode char U+0142 (decimal 322)
   defining Unicode char U+0152 (decimal 338)
   defining Unicode char U+0153 (decimal 339)
   defining Unicode char U+0174 (decimal 372)
   defining Unicode char U+0175 (decimal 373)
   defining Unicode char U+0176 (decimal 374)
   defining Unicode char U+0177 (decimal 375)
   defining Unicode char U+0218 (decimal 536)
   defining Unicode char U+0219 (decimal 537)
   defining Unicode char U+021A (decimal 538)
   defining Unicode char U+021B (decimal 539)
   defining Unicode char U+2013 (decimal 8211)
   defining Unicode char U+2014 (decimal 8212)
   defining Unicode char U+2018 (decimal 8216)
   defining Unicode char U+2019 (decimal 8217)
   defining Unicode char U+201C (decimal 8220)
   defining Unicode char U+201D (decimal 8221)
)
Now handling font encoding OMS ...
... processing UTF-8 mapping file for font encoding OMS

("C:\Program Files\MiKTeX 2.9\tex\latex\base\omsenc.dfu"
File: omsenc.dfu 2016/02/28 v1.1s UTF-8 support for inputenc
   defining Unicode char U+00A7 (decimal 167)
   defining Unicode char U+00B6 (decimal 182)
   defining Unicode char U+00B7 (decimal 183)
   defining Unicode char U+2020 (decimal 8224)
   defining Unicode char U+2021 (decimal 8225)
   defining Unicode char U+2022 (decimal 8226)
)
Now handling font encoding OMX ...
... no UTF-8 mapping file for font encoding OMX
Now handling font encoding U ...
... no UTF-8 mapping file for font encoding U
   defining Unicode char U+00A9 (decimal 169)
   defining Unicode char U+00AA (decimal 170)
   defining Unicode char U+00AE (decimal 174)
   defining Unicode char U+00BA (decimal 186)
   defining Unicode char U+02C6 (decimal 710)
   defining Unicode char U+02DC (decimal 732)
   defining Unicode char U+200C (decimal 8204)
   defining Unicode char U+2026 (decimal 8230)
   defining Unicode char U+2122 (decimal 8482)
   defining Unicode char U+2423 (decimal 9251)
))
("C:\Program Files\MiKTeX 2.9\tex\latex\geometry\geometry.sty"
Package: geometry 2010/09/12 v5.6 Page Geometry

("C:\Program Files\MiKTeX 2.9\tex\latex\graphics\keyval.sty"
Package: keyval 2014/10/28 v1.15 key=value parser (DPC)
\KV@toks@=\toks16
)
("C:\Program Files\MiKTeX 2.9\tex\generic\oberdiek\ifpdf.sty"
Package: ifpdf 2016/05/14 v3.1 Provides the ifpdf switch
)
("C:\Program Files\MiKTeX 2.9\tex\generic\oberdiek\ifvtex.sty"
Package: ifvtex 2016/05/16 v1.6 Detect VTeX and its facilities (HO)
Package ifvtex Info: VTeX not detected.
)
("C:\Program Files\MiKTeX 2.9\tex\generic\ifxetex\ifxetex.sty"
Package: ifxetex 2010/09/12 v0.6 Provides ifxetex conditional
)
\Gm@cnth=\count87
\Gm@cntv=\count88
\c@Gm@tempcnt=\count89
\Gm@bindingoffset=\dimen103
\Gm@wd@mp=\dimen104
\Gm@odd@mp=\dimen105
\Gm@even@mp=\dimen106
\Gm@layoutwidth=\dimen107
\Gm@layoutheight=\dimen108
\Gm@layouthoffset=\dimen109
\Gm@layoutvoffset=\dimen110
\Gm@dimlist=\toks17

("C:\Program Files\MiKTeX 2.9\tex\latex\geometry\geometry.cfg"))
("C:\Program Files\MiKTeX 2.9\tex\generic\babel\babel.sty"
Package: babel 2016/04/23 3.9r The Babel package

*************************************
* Local config file bblopts.cfg used
*
("C:\Program Files\MiKTeX 2.9\tex\latex\arabi\bblopts.cfg"
File: bblopts.cfg 2005/09/08 v0.1 add Arabic and Farsi to "declared" options of
 babel
)
("C:\Program Files\MiKTeX 2.9\tex\latex\babel-english\english.ldf"
Language: english 2012/08/20 v3.3p English support from the babel system

("C:\Program Files\MiKTeX 2.9\tex\generic\babel\babel.def"
File: babel.def 2016/04/23 3.9r Babel common definitions
\babel@savecnt=\count90
\U@D=\dimen111
)
\l@canadian = a dialect from \language\l@american 
\l@australian = a dialect from \language\l@british 
\l@newzealand = a dialect from \language\l@british 
))
("C:\Program Files\MiKTeX 2.9\tex\latex\ltxmisc\parskip.sty"
Package: parskip 2001/04/09 non-zero parskip adjustments
)
("C:\Program Files\MiKTeX 2.9\tex\latex\chngcntr\chngcntr.sty"
Package: chngcntr 2009/09/02 v1.0a change counter resetting
)
("C:\Program Files\MiKTeX 2.9\tex\latex\url\url.sty"
\Urlmuskip=\muskip10
Package: url 2013/09/16  ver 3.4  Verb mode for urls, etc.
)
("C:\Program Files\MiKTeX 2.9\tex\latex\cite\cite.sty"
LaTeX Info: Redefining \cite on input line 302.
LaTeX Info: Redefining \nocite on input line 332.
Package: cite 2015/02/27  v 5.5
)
("C:\Program Files\MiKTeX 2.9\tex\latex\mathtools\mathtools.sty"
Package: mathtools 2015/11/12 v1.18 mathematical typesetting tools

("C:\Program Files\MiKTeX 2.9\tex\latex\tools\calc.sty"
Package: calc 2014/10/28 v4.3 Infix arithmetic (KKT,FJ)
\calc@Acount=\count91
\calc@Bcount=\count92
\calc@Adimen=\dimen112
\calc@Bdimen=\dimen113
\calc@Askip=\skip43
\calc@Bskip=\skip44
LaTeX Info: Redefining \setlength on input line 80.
LaTeX Info: Redefining \addtolength on input line 81.
\calc@Ccount=\count93
\calc@Cskip=\skip45
)
("C:\Program Files\MiKTeX 2.9\tex\latex\mathtools\mhsetup.sty"
Package: mhsetup 2010/01/21 v1.2a programming setup (MH)
)
("C:\Program Files\MiKTeX 2.9\tex\latex\amsmath\amsmath.sty"
Package: amsmath 2016/06/28 v2.15d AMS math features
\@mathmargin=\skip46

For additional information on amsmath, use the `?' option.
("C:\Program Files\MiKTeX 2.9\tex\latex\amsmath\amstext.sty"
Package: amstext 2000/06/29 v2.01 AMS text

("C:\Program Files\MiKTeX 2.9\tex\latex\amsmath\amsgen.sty"
File: amsgen.sty 1999/11/30 v2.0 generic functions
\@emptytoks=\toks18
\ex@=\dimen114
))
("C:\Program Files\MiKTeX 2.9\tex\latex\amsmath\amsbsy.sty"
Package: amsbsy 1999/11/29 v1.2d Bold Symbols
\pmbraise@=\dimen115
)
("C:\Program Files\MiKTeX 2.9\tex\latex\amsmath\amsopn.sty"
Package: amsopn 2016/03/08 v2.02 operator names
)
\inf@bad=\count94
LaTeX Info: Redefining \frac on input line 199.
\uproot@=\count95
\leftroot@=\count96
LaTeX Info: Redefining \overline on input line 297.
\classnum@=\count97
\DOTSCASE@=\count98
LaTeX Info: Redefining \ldots on input line 394.
LaTeX Info: Redefining \dots on input line 397.
LaTeX Info: Redefining \cdots on input line 518.
\Mathstrutbox@=\box26
\strutbox@=\box27
\big@size=\dimen116
LaTeX Font Info:    Redeclaring font encoding OML on input line 634.
LaTeX Font Info:    Redeclaring font encoding OMS on input line 635.
\macc@depth=\count99
\c@MaxMatrixCols=\count100
\dotsspace@=\muskip11
\c@parentequation=\count101
\dspbrk@lvl=\count102
\tag@help=\toks19
\row@=\count103
\column@=\count104
\maxfields@=\count105
\andhelp@=\toks20
\eqnshift@=\dimen117
\alignsep@=\dimen118
\tagshift@=\dimen119
\tagwidth@=\dimen120
\totwidth@=\dimen121
\lineht@=\dimen122
\@envbody=\toks21
\multlinegap=\skip47
\multlinetaggap=\skip48
\mathdisplay@stack=\toks22
LaTeX Info: Redefining \[ on input line 2739.
LaTeX Info: Redefining \] on input line 2740.
)
LaTeX Info: Thecontrolsequence`\('isalreadyrobust on input line 129.
LaTeX Info: Thecontrolsequence`\)'isalreadyrobust on input line 129.
LaTeX Info: Thecontrolsequence`\['isalreadyrobust on input line 129.
LaTeX Info: Thecontrolsequence`\]'isalreadyrobust on input line 129.
\g_MT_multlinerow_int=\count106
\l_MT_multwidth_dim=\dimen123
\origjot=\skip49
\l_MT_shortvdotswithinadjustabove_dim=\dimen124
\l_MT_shortvdotswithinadjustbelow_dim=\dimen125
\l_MT_above_intertext_sep=\dimen126
\l_MT_below_intertext_sep=\dimen127
\l_MT_above_shortintertext_sep=\dimen128
\l_MT_below_shortintertext_sep=\dimen129
)
("C:\Program Files\MiKTeX 2.9\tex\latex\tocbibind\tocbibind.sty"
Package: tocbibind 2010/10/13 v1.5k extra ToC listings
Package tocbibind Info: The document has section divisions on input line 50.


Package tocbibind Note: Using section or other style headings.

) ("C:\Program Files\MiKTeX 2.9\tex\latex\graphics\graphicx.sty"
Package: graphicx 2014/10/28 v1.0g Enhanced LaTeX Graphics (DPC,SPQR)

("C:\Program Files\MiKTeX 2.9\tex\latex\graphics\graphics.sty"
Package: graphics 2016/07/10 v1.0t Standard LaTeX Graphics (DPC,SPQR)

("C:\Program Files\MiKTeX 2.9\tex\latex\graphics\trig.sty"
Package: trig 2016/01/03 v1.10 sin cos tan (DPC)
)
("C:\Program Files\MiKTeX 2.9\tex\latex\00miktex\graphics.cfg"
File: graphics.cfg 2016/06/04 v1.11 sample graphics configuration
)
Package graphics Info: Driver file: pdftex.def on input line 99.

("C:\Program Files\MiKTeX 2.9\tex\latex\graphics-def\pdftex.def"
File: pdftex.def 2016/07/10 v0.06j Graphics/color for pdfTeX

("C:\Program Files\MiKTeX 2.9\tex\generic\oberdiek\infwarerr.sty"
Package: infwarerr 2016/05/16 v1.4 Providing info/warning/error messages (HO)
)
("C:\Program Files\MiKTeX 2.9\tex\generic\oberdiek\ltxcmds.sty"
Package: ltxcmds 2016/05/16 v1.23 LaTeX kernel commands for general use (HO)
)
\Gread@gobject=\count107
))
\Gin@req@height=\dimen130
\Gin@req@width=\dimen131
)
("C:\Program Files\MiKTeX 2.9\tex\latex\oberdiek\pdflscape.sty"
Package: pdflscape 2016/05/14 v0.11 Display of landscape pages in PDF (HO)

("C:\Program Files\MiKTeX 2.9\tex\latex\graphics\lscape.sty"
Package: lscape 2000/10/22 v3.01 Landscape Pages (DPC)
)
Package pdflscape Info: Auto-detected driver: pdftex on input line 81.
)
("C:\Program Files\MiKTeX 2.9\tex\latex\tools\array.sty"
Package: array 2014/10/28 v2.4c Tabular extension package (FMi)
\col@sep=\dimen132
\extrarowheight=\dimen133
\NC@list=\toks23
\extratabsurround=\skip50
\backup@length=\skip51
)
("C:\Program Files\MiKTeX 2.9\tex\latex\was\gensymb.sty"
Package: gensymb 2003/07/02 v1.0 (WaS)
)
("C:\Program Files\MiKTeX 2.9\tex\latex\tools\tabularx.sty"
Package: tabularx 2016/02/03 v2.11 `tabularx' package (DPC)
\TX@col@width=\dimen134
\TX@old@table=\dimen135
\TX@old@col=\dimen136
\TX@target=\dimen137
\TX@delta=\dimen138
\TX@cols=\count108
\TX@ftn=\toks24
)
("C:\Program Files\MiKTeX 2.9\tex\latex\caption\caption.sty"
Package: caption 2016/02/21 v3.3-144 Customizing captions (AR)

("C:\Program Files\MiKTeX 2.9\tex\latex\caption\caption3.sty"
Package: caption3 2016/05/22 v1.7-166 caption3 kernel (AR)
Package caption3 Info: TeX engine: e-TeX on input line 67.
\captionmargin=\dimen139
\captionmargin@=\dimen140
\captionwidth=\dimen141
\caption@tempdima=\dimen142
\caption@indent=\dimen143
\caption@parindent=\dimen144
\caption@hangindent=\dimen145
)
\c@ContinuedFloat=\count109
)
("C:\Program Files\MiKTeX 2.9\tex\latex\everypage\everypage.sty"
Package: everypage 2007/06/20 1.1 Hooks to run on every page
)
("C:\Program Files\MiKTeX 2.9\tex\latex\enumitem\enumitem.sty"
Package: enumitem 2011/09/28 v3.5.2 Customized lists
\labelindent=\skip52
\enit@outerparindent=\dimen146
\enit@toks=\toks25
\enit@inbox=\box28
\enitdp@description=\count110
)
("C:\Program Files\MiKTeX 2.9\tex\latex\algorithms\algorithm.sty"
Package: algorithm 2009/08/24 v0.1 Document Style `algorithm' - floating enviro
nment

("C:\Program Files\MiKTeX 2.9\tex\latex\float\float.sty"
Package: float 2001/11/08 v1.3d Float enhancements (AL)
\c@float@type=\count111
\float@exts=\toks26
\float@box=\box29
\@float@everytoks=\toks27
\@floatcapt=\box30
)
("C:\Program Files\MiKTeX 2.9\tex\latex\base\ifthen.sty"
Package: ifthen 2014/09/29 v1.1c Standard LaTeX ifthen package (DPC)
)
\@float@every@algorithm=\toks28
\c@algorithm=\count112
)
("C:\Program Files\MiKTeX 2.9\tex\latex\algorithms\algorithmic.sty"
Package: algorithmic 2009/08/24 v0.1 Document Style `algorithmic'
\c@ALC@unique=\count113
\c@ALC@line=\count114
\c@ALC@rem=\count115
\c@ALC@depth=\count116
\ALC@tlm=\skip53
\algorithmicindent=\skip54
)
(thesis.aux)
\openout1 = `thesis.aux'.

LaTeX Font Info:    Checking defaults for OML/cmm/m/it on input line 32.
LaTeX Font Info:    ... okay on input line 32.
LaTeX Font Info:    Checking defaults for T1/cmr/m/n on input line 32.
LaTeX Font Info:    ... okay on input line 32.
LaTeX Font Info:    Checking defaults for OT1/cmr/m/n on input line 32.
LaTeX Font Info:    ... okay on input line 32.
LaTeX Font Info:    Checking defaults for OMS/cmsy/m/n on input line 32.
LaTeX Font Info:    ... okay on input line 32.
LaTeX Font Info:    Checking defaults for OMX/cmex/m/n on input line 32.
LaTeX Font Info:    ... okay on input line 32.
LaTeX Font Info:    Checking defaults for U/cmr/m/n on input line 32.
LaTeX Font Info:    ... okay on input line 32.

*geometry* driver: auto-detecting
*geometry* detected driver: pdftex
*geometry* verbose mode - [ preamble ] result:
* driver: pdftex
* paper: a4paper
* layout: <same size as paper>
* layoutoffset:(h,v)=(0.0pt,0.0pt)
* modes: 
* h-part:(L,W,R)=(56.9055pt, 483.69687pt, 56.9055pt)
* v-part:(T,H,B)=(56.9055pt, 731.23584pt, 56.9055pt)
* \paperwidth=597.50787pt
* \paperheight=845.04684pt
* \textwidth=483.69687pt
* \textheight=731.23584pt
* \oddsidemargin=-15.36449pt
* \evensidemargin=-15.36449pt
* \topmargin=-52.36449pt
* \headheight=12.0pt
* \headsep=25.0pt
* \topskip=11.0pt
* \footskip=30.0pt
* \marginparwidth=59.0pt
* \marginparsep=10.0pt
* \columnsep=10.0pt
* \skip\footins=10.0pt plus 4.0pt minus 2.0pt
* \hoffset=0.0pt
* \voffset=0.0pt
* \mag=1000
* \@twocolumnfalse
* \@twosidefalse
* \@mparswitchfalse
* \@reversemarginfalse
* (1in=72.27pt=25.4mm, 1cm=28.453pt)

("C:\Program Files\MiKTeX 2.9\tex\context\base\supp-pdf.mkii"
[Loading MPS to PDF converter (version 2006.09.02).]
\scratchcounter=\count117
\scratchdimen=\dimen147
\scratchbox=\box31
\nofMPsegments=\count118
\nofMParguments=\count119
\everyMPshowfont=\toks29
\MPscratchCnt=\count120
\MPscratchDim=\dimen148
\MPnumerator=\count121
\makeMPintoPDFobject=\count122
\everyMPtoPDFconversion=\toks30
) ("C:\Program Files\MiKTeX 2.9\tex\generic\oberdiek\pdftexcmds.sty"
Package: pdftexcmds 2016/05/21 v0.22 Utility functions of pdfTeX for LuaTeX (HO
)

("C:\Program Files\MiKTeX 2.9\tex\generic\oberdiek\ifluatex.sty"
Package: ifluatex 2016/05/16 v1.4 Provides the ifluatex switch (HO)
Package ifluatex Info: LuaTeX not detected.
)
Package pdftexcmds Info: LuaTeX not detected.
Package pdftexcmds Info: \pdf@primitive is available.
Package pdftexcmds Info: \pdf@ifprimitive is available.
Package pdftexcmds Info: \pdfdraftmode found.
)
("C:\Program Files\MiKTeX 2.9\tex\latex\oberdiek\epstopdf-base.sty"
Package: epstopdf-base 2016/05/15 v2.6 Base part for package epstopdf

("C:\Program Files\MiKTeX 2.9\tex\latex\oberdiek\grfext.sty"
Package: grfext 2016/05/16 v1.2 Manage graphics extensions (HO)

("C:\Program Files\MiKTeX 2.9\tex\generic\oberdiek\kvdefinekeys.sty"
Package: kvdefinekeys 2016/05/16 v1.4 Define keys (HO)
))
("C:\Program Files\MiKTeX 2.9\tex\latex\oberdiek\kvoptions.sty"
Package: kvoptions 2016/05/16 v3.12 Key value format for package options (HO)

("C:\Program Files\MiKTeX 2.9\tex\generic\oberdiek\kvsetkeys.sty"
Package: kvsetkeys 2016/05/16 v1.17 Key value parser (HO)

("C:\Program Files\MiKTeX 2.9\tex\generic\oberdiek\etexcmds.sty"
Package: etexcmds 2016/05/16 v1.6 Avoid name clashes with e-TeX commands (HO)
Package etexcmds Info: Could not find \expanded.
(etexcmds)             That can mean that you are not using pdfTeX 1.50 or
(etexcmds)             that some package has redefined \expanded.
(etexcmds)             In the latter case, load this package earlier.
)))
Package epstopdf-base Info: Redefining graphics rule for `.eps' on input line 4
38.
Package grfext Info: Graphics extension search list:
(grfext)             [.png,.pdf,.jpg,.mps,.jpeg,.jbig2,.jb2,.PNG,.PDF,.JPG,.JPE
G,.JBIG2,.JB2,.eps]
(grfext)             \AppendGraphicsExtensions on input line 456.
)
LaTeX Info: Redefining \celsius on input line 32.
Package gensymb Info: Faking symbols for \degree and \celsius on input line 32.



Package gensymb Warning: Not defining \perthousand.

LaTeX Info: Redefining \ohm on input line 32.
Package gensymb Info: Using \Omega for \ohm on input line 32.

Package gensymb Warning: Not defining \micro.

Package caption Info: Begin \AtBeginDocument code.
Package caption Info: float package is loaded.
Package caption Info: End \AtBeginDocument code.
<bristol.png, id=1, 889.3225pt x 256.96pt>
File: bristol.png Graphic file (type png)
 <use bristol.png>
Package pdftex.def Info: bristol.png used on input line 37.
(pdftex.def)             Requested size: 290.22107pt x 83.85603pt.
 [1

{C:/ProgramData/MiKTeX/2.9/pdftex/config/pdftex.map} <./bristol.png>] [1] [2] (
thesis.toc
[1])
\tf@toc=\write3
\openout3 = `thesis.toc'.

 [2] [3] [4]
Overfull \hbox (13.29878pt too wide) in paragraph at lines 112--114
\OT1/cmr/m/n/10.95 ROBOTS ARE AND WHAT IS HOPED WILL BE AC-COM-PLISHED IN THIS 
PROJECT???XXXXXX
 []

[5] <humanoid.png, id=36, 1021.8175pt x 766.865pt>
File: humanoid.png Graphic file (type png)
 <use humanoid.png>
Package pdftex.def Info: humanoid.png used on input line 127.
(pdftex.def)             Requested size: 232.17242pt x 174.23389pt.
 [6 <./humanoid.png>] <autocar.png, id=40, 879.285pt x 635.37375pt>
File: autocar.png Graphic file (type png)
 <use autocar.png>
Package pdftex.def Info: autocar.png used on input line 141.
(pdftex.def)             Requested size: 232.17242pt x 167.76245pt.

[7 <./autocar.png>] <jahir.png, id=44, 614.295pt x 455.7025pt>
File: jahir.png Graphic file (type png)
 <use jahir.png>
Package pdftex.def Info: jahir.png used on input line 158.
(pdftex.def)             Requested size: 299.8897pt x 222.4687pt.

[8] <cognitivearchitecture.png, id=48, 602.25pt x 539.01375pt>
File: cognitivearchitecture.png Graphic file (type png)

<use cognitivearchitecture.png>
Package pdftex.def Info: cognitivearchitecture.png used on input line 170.
(pdftex.def)             Requested size: 241.84843pt x 216.45703pt.
 [9 <./jahir.png>] [10 <./cognitivearchitecture.png>] <buildingrobot.png, id=56
, 1717.41624pt x 614.295pt>
File: buildingrobot.png Graphic file (type png)

<use buildingrobot.png>
Package pdftex.def Info: buildingrobot.png used on input line 200.
(pdftex.def)             Requested size: 290.22107pt x 103.80075pt.
 [11 <./buildingrobot.png>]
<uavmanipulator.png, id=60, 847.165pt x 542.025pt>
File: uavmanipulator.png Graphic file (type png)
 <use uavmanipulator.png>
Package pdftex.def Info: uavmanipulator.png used on input line 214.
(pdftex.def)             Requested size: 241.84843pt x 154.7351pt.

[12 <./uavmanipulator.png>]
LaTeX Font Info:    Try loading font information for OMS+cmr on input line 229.


("C:\Program Files\MiKTeX 2.9\tex\latex\base\omscmr.fd"
File: omscmr.fd 2014/09/29 v2.5h Standard LaTeX font definitions
)
LaTeX Font Info:    Font shape `OMS/cmr/m/n' in size <10.95> not available
(Font)              Font shape `OMS/cmsy/m/n' tried instead on input line 229.

<droxel.png, id=64, 914.41624pt x 379.4175pt>
File: droxel.png Graphic file (type png)
 <use droxel.png>
Package pdftex.def Info: droxel.png used on input line 237.
(pdftex.def)             Requested size: 241.84843pt x 100.34831pt.

<cid.png, id=65, 582.175pt x 254.9525pt>
File: cid.png Graphic file (type png)
 <use cid.png>
Package pdftex.def Info: cid.png used on input line 241.
(pdftex.def)             Requested size: 241.84843pt x 105.91223pt.

<rcid.png, id=66, 509.905pt x 254.9525pt>
File: rcid.png Graphic file (type png)
 <use rcid.png>
Package pdftex.def Info: rcid.png used on input line 245.
(pdftex.def)             Requested size: 241.84843pt x 120.92473pt.
 [13 <./droxel.png> <./cid.png> <./rcid.png>] [14] <laparascopic.png, id=74, 99
5.72pt x 680.5425pt>
File: laparascopic.png Graphic file (type png)

<use laparascopic.png>
Package pdftex.def Info: laparascopic.png used on input line 278.
(pdftex.def)             Requested size: 241.84843pt x 165.29614pt.
 [15 <./laparascopic.png>]
<images/mark1.png, id=78, 916.42375pt x 407.5225pt>
File: images/mark1.png Graphic file (type png)
 <use images/mark1.png>
Package pdftex.def Info: images/mark1.png used on input line 292.
(pdftex.def)             Requested size: 290.22107pt x 129.05428pt.

[16 <./images/mark1.png>] [17]
<images/robotVariation.png, id=87, 816.80156pt x 234.8775pt>
File: images/robotVariation.png Graphic file (type png)

<use images/robotVariation.png>
Package pdftex.def Info: images/robotVariation.png used on input line 341.
(pdftex.def)             Requested size: 483.69687pt x 139.0926pt.
 [18 <./images/robotVariation.png>]
<painting.png, id=92, 1019.81pt x 368.37625pt>
File: painting.png Graphic file (type png)
 <use painting.png>
Package pdftex.def Info: painting.png used on input line 361.
(pdftex.def)             Requested size: 241.84843pt x 87.36098pt.

<tilingtask.png, id=93, 442.65375pt x 174.6525pt>
File: tilingtask.png Graphic file (type png)
 <use tilingtask.png>
Package pdftex.def Info: tilingtask.png used on input line 372.
(pdftex.def)             Requested size: 314.40001pt x 124.05476pt.
 [19 <./painting.png> <./tilingtask.png>]
<tlxscores.png, id=97, 851.18pt x 549.05125pt>
File: tlxscores.png Graphic file (type png)
 <use tlxscores.png>
Package pdftex.def Info: tlxscores.png used on input line 380.
(pdftex.def)             Requested size: 362.77264pt x 234.00974pt.
 [20 <./tlxscores.png>] <vrrobot.png, id=101, 1181.41376pt x 663.47874pt>
File: vrrobot.png Graphic file (type png)
 <use vrrobot.png>
Package pdftex.def Info: vrrobot.png used on input line 407.
(pdftex.def)             Requested size: 266.03474pt x 149.39775pt.

[21 <./vrrobot.png>] [22] [23]
<images/initialConcept.png, id=112, 566.20557pt x 402.64714pt>
File: images/initialConcept.png Graphic file (type png)

<use images/initialConcept.png>
Package pdftex.def Info: images/initialConcept.png used on input line 466.
(pdftex.def)             Requested size: 362.77264pt x 257.98204pt.
 [24 <./images/initialConcept.png>]
<images/cubicConcept.png, id=117, 568.02869pt x 425.51495pt>
File: images/cubicConcept.png Graphic file (type png)

<use images/cubicConcept.png>
Package pdftex.def Info: images/cubicConcept.png used on input line 478.
(pdftex.def)             Requested size: 362.77264pt x 271.76375pt.
 [25 <./images/cubicConcept.png>]
Overfull \hbox (20.21625pt too wide) in paragraph at lines 489--490
\OT1/cmr/m/n/10.95 SIGN OF THE LONGER LINK-AGE WITH MORE HOLES ETC AND THE BOLT
 HOLES XXXXXXXX 
 []

<images/halvesConcept.png, id=122, 907.13907pt x 536.0025pt>
File: images/halvesConcept.png Graphic file (type png)

<use images/halvesConcept.png>
Package pdftex.def Info: images/halvesConcept.png used on input line 497.
(pdftex.def)             Requested size: 362.77264pt x 214.34813pt.
 [26]
<images/baseShape.png, id=126, 837.1275pt x 596.2275pt>
File: images/baseShape.png Graphic file (type png)

<use images/baseShape.png>
Package pdftex.def Info: images/baseShape.png used on input line 508.
(pdftex.def)             Requested size: 362.77264pt x 258.37431pt.
 [27 <./images/halvesConcept.png>]
<images/servoArmChange.png, id=131, 621.82312pt x 453.94594pt>
File: images/servoArmChange.png Graphic file (type png)

<use images/servoArmChange.png>
Package pdftex.def Info: images/servoArmChange.png used on input line 520.
(pdftex.def)             Requested size: 386.95897pt x 282.48949pt.
 [28 <./images/baseShape.png>]
<images/pulleyChange.png, id=137, 675.27281pt x 404.26031pt>
File: images/pulleyChange.png Graphic file (type png)

<use images/pulleyChange.png>
Package pdftex.def Info: images/pulleyChange.png used on input line 528.
(pdftex.def)             Requested size: 386.95897pt x 231.66447pt.
 [29 <./images/servoArmChange.png> <./images/pulleyChange.png>] <images/pulleyD
esign.png, id=143, 862.72313pt x 402.75468pt>
File: images/pulleyDesign.png Graphic file (type png)

<use images/pulleyDesign.png>
Package pdftex.def Info: images/pulleyDesign.png used on input line 537.
(pdftex.def)             Requested size: 386.95897pt x 180.64795pt.

<images/slackReduction.png, id=144, 768.9528pt x 489.9906pt>
File: images/slackReduction.png Graphic file (type png)

<use images/slackReduction.png>
Package pdftex.def Info: images/slackReduction.png used on input line 550.
(pdftex.def)             Requested size: 386.95897pt x 246.57974pt.
 [30 <./images/pulleyDesign.png>]
<images/rendering.png, id=149, 1059.96pt x 454.8192pt>
File: images/rendering.png Graphic file (type png)

<use images/rendering.png>
Package pdftex.def Info: images/rendering.png used on input line 566.
(pdftex.def)             Requested size: 483.69687pt x 207.55377pt.
 [31 <./images/slackReduction.png>] [32 <./images/rendering.png>] <images/newSc
hematic.png, id=160, 550.055pt x 457.71pt>
File: images/newSchematic.png Graphic file (type png)

<use images/newSchematic.png>
Package pdftex.def Info: images/newSchematic.png used on input line 588.
(pdftex.def)             Requested size: 459.51054pt x 382.37856pt.
 [33 <./images/newSchematic.png>] [34]
<images/duoAxes.png, id=170, 723.45282pt x 290.58563pt>
File: images/duoAxes.png Graphic file (type png)

<use images/duoAxes.png>
Package pdftex.def Info: images/duoAxes.png used on input line 614.
(pdftex.def)             Requested size: 386.95897pt x 155.42851pt.
 [35 <./images/duoAxes.png>] [36]
Overfull \hbox (8.35727pt too wide) in paragraph at lines 667--668
\OT1/cmr/m/n/10.95 TWO DIF-FER-ENT PO-SI-TIONS TO SHOW DIF-FER-ENT DATA POINTS 
BE-ING LOGGED XXXXX 
 []

[37] <images/surfacePlotTogether.png, id=184, 394.1124pt x 615.2586pt>
File: images/surfacePlotTogether.png Graphic file (type png)

<use images/surfacePlotTogether.png>
Package pdftex.def Info: images/surfacePlotTogether.png used on input line 694.

(pdftex.def)             Requested size: 435.32422pt x 679.62175pt.
 [38] [39 <./images/surfacePlotTogether.png>] <images/calibrationTestPoints.png
, id=192, 679.338pt x 379.6584pt>
File: images/calibrationTestPoints.png Graphic file (type png)

<use images/calibrationTestPoints.png>
Package pdftex.def Info: images/calibrationTestPoints.png used on input line 70
4.
(pdftex.def)             Requested size: 459.51054pt x 256.8087pt.

<images/bandwidthPlot.png, id=193, 719.68875pt x 474.27188pt>
File: images/bandwidthPlot.png Graphic file (type png)

<use images/bandwidthPlot.png>
Package pdftex.def Info: images/bandwidthPlot.png used on input line 721.
(pdftex.def)             Requested size: 435.32422pt x 286.88834pt.
 [40 <./images/calibrationTestPoints.png>]
[41 <./images/bandwidthPlot.png>]
<images/rotationExampleAll.jpg, id=203, 351.56343pt x 619.56468pt>
File: images/rotationExampleAll.jpg Graphic file (type jpg)

<use images/rotationExampleAll.jpg>
Package pdftex.def Info: images/rotationExampleAll.jpg used on input line 756.
(pdftex.def)             Requested size: 401.46928pt x 707.5117pt.
 [42] [43 <./images/rotationExampleAll.jpg>] <images/tipSphere2.png, id=210, 45
0.9648pt x 441.8106pt>
File: images/tipSphere2.png Graphic file (type png)

<use images/tipSphere2.png>
Package pdftex.def Info: images/tipSphere2.png used on input line 774.
(pdftex.def)             Requested size: 338.58632pt x 331.7279pt.
 [44]
<images/gestureSolution2.png, id=214, 1616.439pt x 539.1342pt>
File: images/gestureSolution2.png Graphic file (type png)

<use images/gestureSolution2.png>
Package pdftex.def Info: images/gestureSolution2.png used on input line 807.
(pdftex.def)             Requested size: 483.69687pt x 161.33018pt.
 [45 <./images/tipSphere2.png>]
<images/algorithmFlowDiagram.png, id=219, 586.19pt x 847.165pt>
File: images/algorithmFlowDiagram.png Graphic file (type png)

<use images/algorithmFlowDiagram.png>
Package pdftex.def Info: images/algorithmFlowDiagram.png used on input line 825
.
(pdftex.def)             Requested size: 362.77264pt x 524.28029pt.
 [46 <./images/gestureSolution2.png

pdfTeX warning: pdflatex (file ./images/gestureSolution2.png): large interlaced
 PNG might cause out of memory (use non-interlaced PNG to fix this)
>] <images/separateThreads2.png, id=225, 643.40375pt x 524.96124pt>
File: images/separateThreads2.png Graphic file (type png)

<use images/separateThreads2.png>
Package pdftex.def Info: images/separateThreads2.png used on input line 838.
(pdftex.def)             Requested size: 411.14528pt x 335.4694pt.
 [47 <./images/algorithmFlowDiagram.png>]
[48 <./images/separateThreads2.png>] [49]
<images/userInterface.png, id=237, 599.23875pt x 442.65375pt>
File: images/userInterface.png Graphic file (type png)

<use images/userInterface.png>
Package pdftex.def Info: images/userInterface.png used on input line 859.
(pdftex.def)             Requested size: 483.69687pt x 357.31151pt.
 [50 <./images/userInterface.png>] [51] [52]
<images/classDiagram.png, id=249, 1117.17375pt x 739.76375pt>
File: images/classDiagram.png Graphic file (type png)

<use images/classDiagram.png>
Package pdftex.def Info: images/classDiagram.png used on input line 892.
(pdftex.def)             Requested size: 677.17265pt x 448.42197pt.
 [53

 <./images/classDiagram.png>] [54

] [55]
[56] <images/amplitudeResponse.png, id=263, 687.0468pt x 426.393pt>
File: images/amplitudeResponse.png Graphic file (type png)

<use images/amplitudeResponse.png>
Package pdftex.def Info: images/amplitudeResponse.png used on input line 968.
(pdftex.def)             Requested size: 386.95897pt x 240.15776pt.
 [57] [58 <./images/amplitudeResponse.png>]
<images/phaseResponse2.png, id=272, 684.156pt x 419.6478pt>
File: images/phaseResponse2.png Graphic file (type png)

<use images/phaseResponse2.png>
Package pdftex.def Info: images/phaseResponse2.png used on input line 986.
(pdftex.def)             Requested size: 411.14528pt x 252.19403pt.
 [59 <./images/phaseResponse2.png>]
<images/baseOvershoot.png, id=277, 684.6378pt x 517.935pt>
File: images/baseOvershoot.png Graphic file (type png)

<use images/baseOvershoot.png>
Package pdftex.def Info: images/baseOvershoot.png used on input line 1000.
(pdftex.def)             Requested size: 459.51054pt x 347.62317pt.
 [60 <./images/baseOvershoot.png>]
<images/stepResponse.png, id=282, 713.064pt x 352.1958pt>
File: images/stepResponse.png Graphic file (type png)

<use images/stepResponse.png>
Package pdftex.def Info: images/stepResponse.png used on input line 1017.
(pdftex.def)             Requested size: 483.69687pt x 238.91495pt.
 [61 <./images/stepResponse.png>] [62] (thesis.bbl [63] [64]) [65] <images/serv
oSpecs.png, id=301, 339.1872pt x 362.3136pt>
File: images/servoSpecs.png Graphic file (type png)

<use images/servoSpecs.png>
Package pdftex.def Info: images/servoSpecs.png used on input line 1049.
(pdftex.def)             Requested size: 386.95897pt x 413.37903pt.
 [66 <./images/servoSpecs.png>] (thesis.aux) ) 
Here is how much of TeX's memory you used:
 6253 strings out of 493334
 93019 string characters out of 3139225
 176016 words of memory out of 3000000
 9607 multiletter control sequences out of 15000+200000
 10038 words of font info for 36 fonts, out of 3000000 for 9000
 1141 hyphenation exceptions out of 8191
 40i,11n,39p,1479b,588s stack positions out of 5000i,500n,10000p,200000b,50000s
<C:/Program Files/MiKTeX 2.9/font
s/type1/public/amsfonts/cm/cmbx10.pfb><C:/Program Files/MiKTeX 2.9/fonts/type1/
public/amsfonts/cm/cmbx12.pfb><C:/Program Files/MiKTeX 2.9/fonts/type1/public/a
msfonts/cm/cmex10.pfb><C:/Program Files/MiKTeX 2.9/fonts/type1/public/amsfonts/
cm/cmmi10.pfb><C:/Program Files/MiKTeX 2.9/fonts/type1/public/amsfonts/cm/cmmi6
.pfb><C:/Program Files/MiKTeX 2.9/fonts/type1/public/amsfonts/cm/cmmi8.pfb><C:/
Program Files/MiKTeX 2.9/fonts/type1/public/amsfonts/cm/cmr10.pfb><C:/Program F
iles/MiKTeX 2.9/fonts/type1/public/amsfonts/cm/cmr12.pfb><C:/Program Files/MiKT
eX 2.9/fonts/type1/public/amsfonts/cm/cmr6.pfb><C:/Program Files/MiKTeX 2.9/fon
ts/type1/public/amsfonts/cm/cmr8.pfb><C:/Program Files/MiKTeX 2.9/fonts/type1/p
ublic/amsfonts/cm/cmsy10.pfb><C:/Program Files/MiKTeX 2.9/fonts/type1/public/am
sfonts/cm/cmsy8.pfb><C:/Program Files/MiKTeX 2.9/fonts/type1/public/amsfonts/cm
/cmti10.pfb><C:/Program Files/MiKTeX 2.9/fonts/type1/public/amsfonts/cm/cmti12.
pfb><C:/Program Files/MiKTeX 2.9/fonts/type1/public/amsfonts/cm/cmtt10.pfb>
Output written on thesis.pdf (69 pages, 10656576 bytes).
PDF statistics:
 355 PDF objects out of 1000 (max. 8388607)
 0 named destinations out of 1000 (max. 500000)
 216 words of extra memory for PDF output out of 10000 (max. 10000000)

